<?xml version="1.0"?>

<root available-locales="en_US" default-locale="en_US">
	<dynamic-element index-type="keyword" instance-id="hofu" name="webcontent" type="ddm-journal-article">
		<dynamic-content language-id="en_US"><![CDATA[]]></dynamic-content>
	</dynamic-element>
	<dynamic-element index-type="text" instance-id="bf4sdx6Q" name="text" type="text">
		<dynamic-content language-id="pt_BR"><![CDATA[um]]></dynamic-content>
	</dynamic-element>
</root>