<?xml version="1.0"?>

<root available-locales="en_US" default-locale="en_US">
	<dynamic-element index="0" index-type="keyword" instance-id="rwjbKFLS" name="list" type="list">
		<dynamic-content language-id="en_US">
			<option><![CDATA[Value 2]]></option>
			<option><![CDATA[Value 3]]></option>
		</dynamic-content>
	</dynamic-element>
</root>