<?xml version="1.0"?>

<ignore-errors>
	<javascript>
		<ignore-error>
			<contains>TypeError: d.config.doc.defaultView is null</contains>
			<description>LPS-41634</description>
			<matches></matches>
		</ignore-error>
		<ignore-error>
			<contains>NS_ERROR_NOT_INITIALIZED:</contains>
			<description>LPS-41634</description>
			<matches></matches>
		</ignore-error>
		<ignore-error>
			<contains>Permission denied to access property 'type'</contains>
			<description>LPS-42469</description>
			<matches></matches>
		</ignore-error>
	</javascript>
	<log>
		<ignore-error>
			<contains>[antelope:post]</contains>
			<description></description>
			<matches></matches>
		</ignore-error>
		<ignore-error>
			<contains>[junit]</contains>
			<description></description>
			<matches></matches>
		</ignore-error>
		<ignore-error>
			<contains>BasicResourcePool</contains>
			<description></description>
			<matches></matches>
		</ignore-error>
		<ignore-error>
			<contains>Caused by:</contains>
			<description></description>
			<matches></matches>
		</ignore-error>
		<ignore-error>
			<contains>INFO:</contains>
			<description></description>
			<matches></matches>
		</ignore-error>
		<ignore-error>
			<contains>[AWT-Windows]</contains>
			<description></description>
			<matches>.*The web application \[.*\] appears to have started a thread.*</matches>
		</ignore-error>
		<ignore-error>
			<contains>[com.google.inject.internal.Finalizer]</contains>
			<description></description>
			<matches>.*The web application \[.*\] appears to have started a thread.*</matches>
		</ignore-error>
		<ignore-error>
			<contains>[MultiThreadedHttpConnectionManager cleanup]</contains>
			<description></description>
			<matches>.*The web application \[.*\] appears to have started a thread.*</matches>
		</ignore-error>
		<ignore-error>
			<contains>[org.python.google.common.base.internal.Finalizer]</contains>
			<description></description>
			<matches>.*The web application \[.*\] appears to have started a thread.*</matches>
		</ignore-error>
		<ignore-error>
			<contains></contains>
			<description></description>
			<matches>.*The web application \[.*\] appears to have started a thread.*\[Thread-[0-9]+\].*</matches>
		</ignore-error>
		<ignore-error>
			<contains></contains>
			<description></description>
			<matches>.*The web application \[.*\] appears to have started a thread.*\[TrueZIP InputStream Reader\].*</matches>
		</ignore-error>
		<ignore-error>
			<contains>Table 'lportal.lock_' doesn't exist</contains>
			<description>LPS-17639</description>
			<matches></matches>
		</ignore-error>
		<ignore-error>
			<contains>Exception sending context destroyed event to listener instance of class com.liferay.portal.spring.context.PortalContextLoaderListener</contains>
			<description>LPS-22821</description>
			<matches></matches>
		</ignore-error>
		<ignore-error>
			<contains>user lacks privilege or object not found: LOCK_</contains>
			<description>LPS-23351</description>
			<matches></matches>
		</ignore-error>
		<ignore-error>
			<contains>JBREM00200:</contains>
			<description>LPS-23498</description>
			<matches></matches>
		</ignore-error>
		<ignore-error>
			<contains>java.nio.channels.ClosedChannelException</contains>
			<description>LPS-28734</description>
			<matches></matches>
		</ignore-error>
		<ignore-error>
			<contains>[org.apache.axis.utils.XMLUtils.ThreadLocalDocumentBuilder]</contains>
			<description>LPS-28954</description>
			<matches>.*The web application \[/wsrp-portlet\] created a ThreadLocal with key of type.*</matches>
		</ignore-error>
		<ignore-error>
			<contains>[org.apache.xml.security.utils.UnsyncByteArrayOutputStream$1]</contains>
			<description>LPS-28954</description>
			<matches>.*The web application \[/wsrp-portlet\] created a ThreadLocal with key of type.*</matches>
		</ignore-error>
		<ignore-error>
			<contains>java.util.zip.ZipException: ZipFile closed</contains>
			<description>LPS-37574</description>
			<matches></matches>
		</ignore-error>
		<ignore-error>
			<contains>[de.schlichtherle</contains>
			<description>LPS-41257</description>
			<matches>.*The web application \[\] created a ThreadLocal with key of type.*</matches>
		</ignore-error>
		<ignore-error>
			<contains>SEC5054: Certificate has expired</contains>
			<description>LPS-41776</description>
			<matches></matches>
		</ignore-error>
		<ignore-error>
			<contains></contains>
			<description>LPS-41863</description>
			<matches>.*\[org.hibernate.engine.jdbc.JdbcSupportLoader\] \(MSC service thread .*\) Disabling contextual LOB .*</matches>
		</ignore-error>
		<ignore-error>
			<contains>[com.google.javascript.jscomp.Tracer.ThreadTrace]</contains>
			<description>LPS-46161</description>
			<matches>.*The web application \[\] created a ThreadLocal with key of type.*</matches>
		</ignore-error>
		<ignore-error>
			<contains></contains>
			<description>LPS-49204</description>
			<matches>.*The web application \[\] appears to have started a thread named \[elasticsearch\[.*</matches>
		</ignore-error>
		<ignore-error>
			<contains>[org.elasticsearch.common.inject]</contains>
			<description>LPS-49204</description>
			<matches>.*The web application \[\] created a ThreadLocal with key of type.*</matches>
		</ignore-error>
		<ignore-error>
			<contains>[org.elasticsearch.index.mapper]</contains>
			<description>LPS-49204</description>
			<matches>.*The web application \[\] created a ThreadLocal with key of type.*</matches>
		</ignore-error>
		<ignore-error>
			<contains>[org.apache.axis.utils.XMLUtils.ThreadLocalDocumentBuilder]</contains>
			<description>LPS-49228</description>
			<matches>.*The web application \[/sharepoint-hook\] created a ThreadLocal with key of type.*</matches>
		</ignore-error>
		<ignore-error>
			<contains>[org.apache.xmlbeans.impl.schema.SchemaTypeLoaderImpl$1]</contains>
			<description>LPS-49229</description>
			<matches>.*The web application \[\] created a ThreadLocal with key of type.*</matches>
		</ignore-error>
		<ignore-error>
			<contains>[org.apache.xmlbeans.impl.store.CharUtil$1]</contains>
			<description>LPS-49229</description>
			<matches>.*The web application \[\] created a ThreadLocal with key of type.*</matches>
		</ignore-error>
		<ignore-error>
			<contains>[org.apache.xmlbeans.impl.store.Locale$1]</contains>
			<description>LPS-49229</description>
			<matches>.*The web application \[\] created a ThreadLocal with key of type.*</matches>
		</ignore-error>
		<ignore-error>
			<contains>[org.jruby.RubyEncoding$2]</contains>
			<description>LPS-49505</description>
			<matches>.*The web application \[\] created a ThreadLocal with key of type.*</matches>
		</ignore-error>
		<ignore-error>
			<contains>[org.joni.StackMachine$1]</contains>
			<description>LPS-49506</description>
			<matches>.*The web application \[\] created a ThreadLocal with key of type.*</matches>
		</ignore-error>
		<ignore-error>
			<contains>[org.apache.poi.extractor.ExtractorFactory$1]</contains>
			<description>LPS-49628</description>
			<matches>.*The web application \[\] created a ThreadLocal with key of type.*</matches>
		</ignore-error>
		<ignore-error>
			<contains>[org.apache.xmlbeans.XmlBeans$1]</contains>
			<description>LPS-49629</description>
			<matches>.*The web application \[\] created a ThreadLocal with key of type.*</matches>
		</ignore-error>
		<ignore-error>
			<contains>[com.sun.syndication.feed.impl.ToStringBean$1]</contains>
			<description>LPS-50047</description>
			<matches>.*The web application \[\] created a ThreadLocal with key of type.*</matches>
		</ignore-error>
		<ignore-error>
			<contains>Liferay does not have the Xuggler native libraries installed.</contains>
			<description>LPS-50936</description>
			<matches></matches>
		</ignore-error>
		<ignore-error>
			<contains>[net.sf.jasperreports.engine.fonts.FontUtil$1]</contains>
			<description>LPS-51371</description>
			<matches>.*The web application \[/jasperreports-web\] created a ThreadLocal with key of type.*</matches>
		</ignore-error>
		<ignore-error>
			<contains>[org.apache.jasper.runtime.JspWriterImpl.CharBufferThreadLocalPool]</contains>
			<description>LPS-52346</description>
			<matches>.*The web application \[\] created a ThreadLocal with key of type.*</matches>
		</ignore-error>
		<ignore-error>
			<contains></contains>
			<description>LPS-52699</description>
			<matches>.*The web application \[/saml-portlet\] created a ThreadLocal with key of type.*\[org.apache.xml.security.algorithms.MessageDigestAlgorithm\$[0-9]+\].*</matches>
		</ignore-error>
		<ignore-error>
			<contains></contains>
			<description>LPS-52699</description>
			<matches>.*The web application \[/saml-portlet\] created a ThreadLocal with key of type.*\[org.apache.xml.security.algorithms.SignatureAlgorithm\$[0-9]+\].*</matches>
		</ignore-error>
		<ignore-error>
			<contains></contains>
			<description>LPS-52699</description>
			<matches>.*The web application \[/saml-portlet\] created a ThreadLocal with key of type.*\[org.apache.xml.security.utils.UnsyncBufferedOutputStream\$[0-9]+\].*</matches>
		</ignore-error>
		<ignore-error>
			<contains></contains>
			<description>LPS-52699</description>
			<matches>.*The web application \[/saml-portlet\] created a ThreadLocal with key of type.*\[org.apache.xml.security.utils.UnsyncByteArrayOutputStream\$[0-9]+\].*</matches>
		</ignore-error>
		<ignore-error>
			<contains></contains>
			<description>LPS-54539</description>
			<matches>.*The web application \[/agent\] appears to have started a thread.*\[http-bio.*\].*</matches>
		</ignore-error>
		<ignore-error>
			<contains></contains>
			<description>LPS-54539</description>
			<matches>.*The web application \[/agent\] appears to have started a thread.*\[scheduler_Worker-[0-9]+\].*</matches>
		</ignore-error>
		<ignore-error>
			<contains></contains>
			<description>LPS-54539</description>
			<matches>.*The web application \[/agent\] appears to have started a thread.*\[SocketListener.*\].*</matches>
		</ignore-error>
		<ignore-error>
			<contains>The web application [/reports-portlet] appears to have started a thread named [C3P0PooledConnectionPool</contains>
			<description>LPS-54680</description>
			<matches></matches>
		</ignore-error>
		<ignore-error>
			<contains>[org_eclipse_equinox_http_servlet.*Framework Event Dispatcher: Equinox Container:</contains>
			<description>LRQA-14442, temporary workaround until Kiyoshi Lee fixes it</description>
			<matches></matches>
		</ignore-error>
		<ignore-error>
			<contains>No score point assigners available</contains>
			<description>WCM-202</description>
			<matches></matches>
		</ignore-error>
	</log>
</ignore-errors>