<?xml version="1.0"?>

<root available-locales="en_US" default-locale="en_US">
	<dynamic-element instance-id="MiO7vIJu" name="link_to_layout" type="link_to_layout" index-type="text">
		<dynamic-content language-id="en_US"><![CDATA[[$LAYOUT_ID_PRIVATE$]@private]]></dynamic-content>
	</dynamic-element>
	<dynamic-element instance-id="9FLzJNUX" name="link_to_layout" type="link_to_layout" index-type="text">
		<dynamic-content language-id="en_US"><![CDATA[[$LAYOUT_ID_PRIVATE$]@private-group@[$GROUP_ID$]]]></dynamic-content>
	</dynamic-element>
	<dynamic-element instance-id="WqABvmxw" name="link_to_layout" type="link_to_layout" index-type="text">
		<dynamic-content language-id="en_US"><![CDATA[[$LAYOUT_ID_PRIVATE_USER$]@private]]></dynamic-content>
	</dynamic-element>
	<dynamic-element instance-id="31abnWkB" name="link_to_layout" type="link_to_layout" index-type="text">
		<dynamic-content language-id="en_US"><![CDATA[[$LAYOUT_ID_PRIVATE_USER$]@private-user@[$GROUP_ID_USER$]]]></dynamic-content>
	</dynamic-element>
	<dynamic-element instance-id="pWIUF15B" name="link_to_layout" type="link_to_layout" index-type="text">
		<dynamic-content language-id="en_US"><![CDATA[[$LAYOUT_ID_PUBLIC$]@public]]></dynamic-content>
	</dynamic-element>
	<dynamic-element instance-id="OGQypdcj" name="link_to_layout" type="link_to_layout" index-type="text">
		<dynamic-content language-id="en_US"><![CDATA[[$LAYOUT_ID_PUBLIC$]@public@[$GROUP_ID$]]]></dynamic-content>
	</dynamic-element>
	<dynamic-element instance-id="TB2XZ3wn" name="link_to_layout" type="link_to_layout" index-type="text">
		<dynamic-content language-id="en_US"><![CDATA[[$LAYOUT_ID_PUBLIC_USER$]@public]]></dynamic-content>
	</dynamic-element>
	<dynamic-element instance-id="3IRNS4jM" name="link_to_layout" type="link_to_layout" index-type="text">
		<dynamic-content language-id="en_US"><![CDATA[[$LAYOUT_ID_PUBLIC_USER$]@public@[$GROUP_ID_USER$]]]></dynamic-content>
	</dynamic-element>
</root>