<?xml version="1.0"?>

<root available-locales="en_US" default-locale="en_US">
	<dynamic-element dataType="html" fieldNamespace="ddm" name="HTML2030" readOnly="false" repeatable="false" required="true" showLabel="true" type="ddm-text-html" width="small" indexType="keyword">
		<meta-data locale="en_US">
			<entry name="label">
				<![CDATA[HTML]]>
			</entry>
			<entry name="predefinedValue">
				<![CDATA[]]>
			</entry>
			<entry name="tip">
				<![CDATA[]]>
			</entry>
		</meta-data>
	</dynamic-element>
</root>